<?xml version="1.0" encoding="UTF-8"?>
<!-- Generated by org.testng.reporters.JUnitReportReporter -->
<testsuite hostname="Shivanagayya" failures="0" tests="1" name="test.SumOfCourses" time="1.021" errors="0" timestamp="2023-05-04T20:14:12 IST" skipped="0">
  <testcase classname="test.SumOfCourses" name="sumofcourses" time="1.021"/>
  <system-out/>
</testsuite> <!-- test.SumOfCourses -->
